c:\users\estin\desktop\visualstudioprojects\gameengine\gameengine\debug\vc141.pdb
c:\users\estin\desktop\visualstudioprojects\gameengine\gameengine\debug\vc141.idb
c:\users\estin\desktop\visualstudioprojects\gameengine\gameengine\debug\application.obj
c:\users\estin\desktop\visualstudioprojects\gameengine\debug\gameengine.pdb
c:\users\estin\desktop\visualstudioprojects\gameengine\gameengine\debug\gameengine.tlog\cl.command.1.tlog
c:\users\estin\desktop\visualstudioprojects\gameengine\gameengine\debug\gameengine.tlog\cl.read.1.tlog
c:\users\estin\desktop\visualstudioprojects\gameengine\gameengine\debug\gameengine.tlog\cl.write.1.tlog
c:\users\estin\desktop\visualstudioprojects\gameengine\gameengine\debug\gameengine.tlog\link-cvtres.read.1.tlog
c:\users\estin\desktop\visualstudioprojects\gameengine\gameengine\debug\gameengine.tlog\link-cvtres.write.1.tlog
c:\users\estin\desktop\visualstudioprojects\gameengine\gameengine\debug\gameengine.tlog\link-rc.read.1.tlog
c:\users\estin\desktop\visualstudioprojects\gameengine\gameengine\debug\gameengine.tlog\link-rc.write.1.tlog
c:\users\estin\desktop\visualstudioprojects\gameengine\gameengine\debug\gameengine.tlog\link.11352-cvtres.read.1.tlog
c:\users\estin\desktop\visualstudioprojects\gameengine\gameengine\debug\gameengine.tlog\link.11352-cvtres.write.1.tlog
c:\users\estin\desktop\visualstudioprojects\gameengine\gameengine\debug\gameengine.tlog\link.11352-rc.read.1.tlog
c:\users\estin\desktop\visualstudioprojects\gameengine\gameengine\debug\gameengine.tlog\link.11352-rc.write.1.tlog
c:\users\estin\desktop\visualstudioprojects\gameengine\gameengine\debug\gameengine.tlog\link.11352.read.1.tlog
c:\users\estin\desktop\visualstudioprojects\gameengine\gameengine\debug\gameengine.tlog\link.11352.write.1.tlog
c:\users\estin\desktop\visualstudioprojects\gameengine\gameengine\debug\gameengine.tlog\link.command.1.tlog
c:\users\estin\desktop\visualstudioprojects\gameengine\gameengine\debug\gameengine.tlog\link.read.1.tlog
c:\users\estin\desktop\visualstudioprojects\gameengine\gameengine\debug\gameengine.tlog\link.write.1.tlog
